Starting DemoApplication using Java 17.0.6 with PID 16552 (D:\Git\demo3\target\classes started by KEY in D:\git\demo3)
No active profile set, falling back to 1 default profile: "default"
Devtools property defaults active! Set 'spring.devtools.add-properties' to 'false' to disable
For additional web related logging consider setting the 'logging.level.web' property to 'DEBUG'
Multiple Spring Data modules found, entering strict repository configuration mode
Bootstrapping Spring Data JDBC repositories in DEFAULT mode.
Finished Spring Data repository scanning in 8 ms. Found 0 JDBC repository interfaces.
Multiple Spring Data modules found, entering strict repository configuration mode
Bootstrapping Spring Data JPA repositories in DEFAULT mode.
Finished Spring Data repository scanning in 4 ms. Found 0 JPA repository interfaces.
Bean 'org.springframework.ws.config.annotation.DelegatingWsConfiguration' of type [org.springframework.ws.config.annotation.DelegatingWsConfiguration$$SpringCGLIB$$0] is not eligible for getting processed by all BeanPostProcessors (for example: not eligible for auto-proxying)
Supporting [WS-Addressing August 2004, WS-Addressing 1.0]
Tomcat initialized with port(s): 8080 (http)
Starting service [Tomcat]
Starting Servlet engine: [Apache Tomcat/10.1.5]
Initializing Spring embedded WebApplicationContext
Root WebApplicationContext: initialization completed in 1719 ms
HikariPool-1 - Starting...
HikariPool-1 - Added connection org.postgresql.jdbc.PgConnection@64753c96
HikariPool-1 - Start completed.
HHH000204: Processing PersistenceUnitInfo [name: default]
HHH000412: Hibernate ORM core version 6.1.7.Final
HHH000400: Using dialect: org.hibernate.dialect.PostgreSQL95Dialect
HHH90000026: PostgreSQL95Dialect has been deprecated; use org.hibernate.dialect.PostgreSQLDialect instead
HHH000490: Using JtaPlatform implementation: [org.hibernate.engine.transaction.jta.platform.internal.NoJtaPlatform]
Initialized JPA EntityManagerFactory for persistence unit 'default'
spring.jpa.open-in-view is enabled by default. Therefore, database queries may be performed during view rendering. Explicitly configure spring.jpa.open-in-view to disable this warning
Cannot find template location: classpath:/templates/ (please add some templates, check your Thymeleaf configuration, or set spring.thymeleaf.check-template-location=false)
LiveReload server is running on port 35729
Tomcat started on port(s): 8080 (http) with context path ''
Started DemoApplication in 4.357 seconds (process running for 5.003)
Running default command line with: []
Initializing Spring DispatcherServlet 'dispatcherServlet'
Initializing Servlet 'dispatcherServlet'
Completed initialization in 2 ms
Interceptor.afterCompletion()ログ出力
Interceptor.afterCompletion()ログ出力
Interceptor.afterCompletion()ログ出力
[開始]ユーザーリスト取得
[終了]ユーザーリスト取得
Interceptor.afterCompletion()ログ出力
[開始]ユーザーリスト取得
[終了]ユーザーリスト取得
Interceptor.afterCompletion()ログ出力
[開始]ユーザーリスト取得
[終了]ユーザーリスト取得
Interceptor.afterCompletion()ログ出力
[開始]ユーザーリスト取得
[終了]ユーザーリスト取得
Interceptor.afterCompletion()ログ出力
